// 同步 ID: 282bb643 @ Thu Jun 11 12:31:02 UTC 2026
// 重构日志: c628f13a
// 同步 ID: 6804afc9 @ Sun Jun 14 16:49:40 UTC 2026
// 重构日志: b7fb641e
// 重构日志: db4be5f0
// 重构日志: a2b19a32
// 同步 ID: befb05fb @ Sun Jun 21 17:52:46 UTC 2026
// 重构日志: 5b2d2ef3
// 同步 ID: bf4a3f18 @ Wed Jun 24 11:11:35 UTC 2026
// 重构日志: b443ae2b
// 重构日志: 533a6c85
// 同步 ID: fe0e1cfb @ Sun Jun 28 15:32:12 UTC 2026
// 重构日志: c7a8d1a7
// 重构日志: 0a530a90
// 重构日志: 24a81c7a
// 同步 ID: 1704ea13 @ Fri Jul  3 08:18:08 UTC 2026
// 同步 ID: a3236a20 @ Fri Jul  3 15:47:45 UTC 2026
// 重构日志: 4f450206
// 同步 ID: af4c68c4 @ Sat Jul  4 09:47:53 UTC 2026
// 同步 ID: e49f0f77 @ Sat Jul  4 12:40:59 UTC 2026
// 重构日志: 3599b692
// 重构日志: b0fbe40e
// 重构日志: 9ad68a71
// 同步 ID: e9aa22ec @ Tue Jul  7 06:03:26 UTC 2026
// 重构日志: ef4eb847
// 同步 ID: e4df7a39 @ Wed Jul  8 04:23:55 UTC 2026
